Determining if the CL_VERSION_2_0 exist failed with the following output:
Change Dir: /home/fub/sw/gr-clenabled/setup_help/CMakeFiles/CMakeTmp

Run Build Command:/usr/bin/gmake "cmTryCompileExec2177377361/fast"
/usr/bin/gmake -f CMakeFiles/cmTryCompileExec2177377361.dir/build.make CMakeFiles/cmTryCompileExec2177377361.dir/build
gmake[1]: Entering directory `/home/fub/sw/gr-clenabled/setup_help/CMakeFiles/CMakeTmp'
/usr/bin/cmake -E cmake_progress_report /home/fub/sw/gr-clenabled/setup_help/CMakeFiles/CMakeTmp/CMakeFiles 1
Building C object CMakeFiles/cmTryCompileExec2177377361.dir/CheckSymbolExists.c.o
/usr/bin/cc   -I/usr/include/CL    -o CMakeFiles/cmTryCompileExec2177377361.dir/CheckSymbolExists.c.o   -c /home/fub/sw/gr-clenabled/setup_help/CMakeFiles/CMakeTmp/CheckSymbolExists.c
/home/fub/sw/gr-clenabled/setup_help/CMakeFiles/CMakeTmp/CheckSymbolExists.c:2:35: fatal error: /usr/include/CL/CL/cl.h: No such file or directory
 #include </usr/include/CL/CL/cl.h>
                                   ^
compilation terminated.
gmake[1]: *** [CMakeFiles/cmTryCompileExec2177377361.dir/CheckSymbolExists.c.o] Error 1
gmake[1]: Leaving directory `/home/fub/sw/gr-clenabled/setup_help/CMakeFiles/CMakeTmp'
gmake: *** [cmTryCompileExec2177377361/fast] Error 2

File /home/fub/sw/gr-clenabled/setup_help/CMakeFiles/CMakeTmp/CheckSymbolExists.c:
/* */
#include </usr/include/CL/CL/cl.h>

int main(int argc, char** argv)
{
  (void)argv;
#ifndef CL_VERSION_2_0
  return ((int*)(&CL_VERSION_2_0))[argc];
#else
  (void)argc;
  return 0;
#endif
}

Determining if the CL_VERSION_1_2 exist failed with the following output:
Change Dir: /home/fub/sw/gr-clenabled/setup_help/CMakeFiles/CMakeTmp

Run Build Command:/usr/bin/gmake "cmTryCompileExec1698603438/fast"
/usr/bin/gmake -f CMakeFiles/cmTryCompileExec1698603438.dir/build.make CMakeFiles/cmTryCompileExec1698603438.dir/build
gmake[1]: Entering directory `/home/fub/sw/gr-clenabled/setup_help/CMakeFiles/CMakeTmp'
/usr/bin/cmake -E cmake_progress_report /home/fub/sw/gr-clenabled/setup_help/CMakeFiles/CMakeTmp/CMakeFiles 1
Building C object CMakeFiles/cmTryCompileExec1698603438.dir/CheckSymbolExists.c.o
/usr/bin/cc   -I/usr/include/CL    -o CMakeFiles/cmTryCompileExec1698603438.dir/CheckSymbolExists.c.o   -c /home/fub/sw/gr-clenabled/setup_help/CMakeFiles/CMakeTmp/CheckSymbolExists.c
/home/fub/sw/gr-clenabled/setup_help/CMakeFiles/CMakeTmp/CheckSymbolExists.c:2:35: fatal error: /usr/include/CL/CL/cl.h: No such file or directory
 #include </usr/include/CL/CL/cl.h>
                                   ^
compilation terminated.
gmake[1]: *** [CMakeFiles/cmTryCompileExec1698603438.dir/CheckSymbolExists.c.o] Error 1
gmake[1]: Leaving directory `/home/fub/sw/gr-clenabled/setup_help/CMakeFiles/CMakeTmp'
gmake: *** [cmTryCompileExec1698603438/fast] Error 2

File /home/fub/sw/gr-clenabled/setup_help/CMakeFiles/CMakeTmp/CheckSymbolExists.c:
/* */
#include </usr/include/CL/CL/cl.h>

int main(int argc, char** argv)
{
  (void)argv;
#ifndef CL_VERSION_1_2
  return ((int*)(&CL_VERSION_1_2))[argc];
#else
  (void)argc;
  return 0;
#endif
}

