Install the project...
-- Install configuration: "Release"
-- Installing: /home/f6l/local/lib64/cmake/clenabled/clenabledConfig.cmake
-- Installing: /home/f6l/local/include/clenabled/api.h
-- Installing: /home/f6l/local/include/clenabled/clMathConst.h
-- Installing: /home/f6l/local/include/clenabled/clMathOp.h
-- Installing: /home/f6l/local/include/clenabled/clFilter.h
-- Installing: /home/f6l/local/include/clenabled/clQuadratureDemod.h
-- Installing: /home/f6l/local/include/clenabled/clFFT.h
-- Installing: /home/f6l/local/include/clenabled/clLog.h
-- Installing: /home/f6l/local/include/clenabled/clSNR.h
-- Installing: /home/f6l/local/include/clenabled/clComplexToArg.h
-- Installing: /home/f6l/local/include/clenabled/clComplexToMagPhase.h
-- Installing: /home/f6l/local/include/clenabled/clMagPhaseToComplex.h
-- Installing: /home/f6l/local/include/clenabled/clComplexToMag.h
-- Installing: /home/f6l/local/include/clenabled/clKernel1To1.h
-- Installing: /home/f6l/local/include/clenabled/clKernel2To1.h
-- Installing: /home/f6l/local/include/clenabled/clSignalSource.h
-- Installing: /home/f6l/local/include/clenabled/clCostasLoop.h
-- Installing: /home/f6l/local/lib64/libgnuradio-clenabled-1.0.0git.so.0.0.0
-- Set runtime path of "/home/f6l/local/lib64/libgnuradio-clenabled-1.0.0git.so.0.0.0" to ""
-- Up-to-date: /home/f6l/local/lib64/libgnuradio-clenabled-1.0.0git.so
-- Up-to-date: /home/f6l/local/lib64/libgnuradio-clenabled.so
-- Up-to-date: /home/f6l/local/lib64/libgnuradio-clenabled-1.0.0git.so.0
-- Installing: /home/f6l/local/bin/test-clenabled
-- Set runtime path of "/home/f6l/local/bin/test-clenabled" to ""
-- Installing: /home/f6l/local/bin/clview
-- Set runtime path of "/home/f6l/local/bin/clview" to ""
-- Installing: /home/f6l/local/bin/test-clkernel
-- Set runtime path of "/home/f6l/local/bin/test-clkernel" to ""
-- Installing: /home/f6l/local/bin/test-clfilter
-- Set runtime path of "/home/f6l/local/bin/test-clfilter" to ""
-- Installing: /home/f6l/local/lib64/python2.7/site-packages/clenabled/_clenabled_swig.so
-- Set runtime path of "/home/f6l/local/lib64/python2.7/site-packages/clenabled/_clenabled_swig.so" to ""
-- Installing: /home/f6l/local/lib64/python2.7/site-packages/clenabled/clenabled_swig.py
-- Installing: /home/f6l/local/lib64/python2.7/site-packages/clenabled/clenabled_swig.pyc
-- Installing: /home/f6l/local/lib64/python2.7/site-packages/clenabled/clenabled_swig.pyo
-- Installing: /home/f6l/local/include/clenabled/clenabled/swig/clenabled_swig.i
-- Installing: /home/f6l/local/include/clenabled/clenabled/swig/clenabled_swig_doc.i
-- Installing: /home/f6l/local/lib64/python2.7/site-packages/clenabled/__init__.py
-- Installing: /home/f6l/local/lib64/python2.7/site-packages/clenabled/__init__.pyc
-- Installing: /home/f6l/local/lib64/python2.7/site-packages/clenabled/__init__.pyo
-- Installing: /home/f6l/local/share/gnuradio/grc/blocks/clenabled_clAdd.xml
-- Installing: /home/f6l/local/share/gnuradio/grc/blocks/clenabled_clAddConst.xml
-- Installing: /home/f6l/local/share/gnuradio/grc/blocks/clenabled_clMultConst.xml
-- Installing: /home/f6l/local/share/gnuradio/grc/blocks/clenabled_clBandPassFilter.xml
-- Installing: /home/f6l/local/share/gnuradio/grc/blocks/clenabled_clBandRejectFilter.xml
-- Installing: /home/f6l/local/share/gnuradio/grc/blocks/clenabled_clComplexConjugate.xml
-- Installing: /home/f6l/local/share/gnuradio/grc/blocks/clenabled_clComplexToArg.xml
-- Installing: /home/f6l/local/share/gnuradio/grc/blocks/clenabled_clComplexToMag.xml
-- Installing: /home/f6l/local/share/gnuradio/grc/blocks/clenabled_clComplexToMagPhase.xml
-- Installing: /home/f6l/local/share/gnuradio/grc/blocks/clenabled_clFFT.xml
-- Installing: /home/f6l/local/share/gnuradio/grc/blocks/clenabled_clFIRTapFilter.xml
-- Installing: /home/f6l/local/share/gnuradio/grc/blocks/clenabled_clHighPassFilter.xml
-- Installing: /home/f6l/local/share/gnuradio/grc/blocks/clenabled_clLog10.xml
-- Installing: /home/f6l/local/share/gnuradio/grc/blocks/clenabled_clLowPassFilter.xml
-- Installing: /home/f6l/local/share/gnuradio/grc/blocks/clenabled_clMagPhaseToComplex.xml
-- Installing: /home/f6l/local/share/gnuradio/grc/blocks/clenabled_clMultiply.xml
-- Installing: /home/f6l/local/share/gnuradio/grc/blocks/clenabled_clMultiplyConjugate.xml
-- Installing: /home/f6l/local/share/gnuradio/grc/blocks/clenabled_clQuadratureDemod.xml
-- Installing: /home/f6l/local/share/gnuradio/grc/blocks/clenabled_clRootRaisedCosine.xml
-- Installing: /home/f6l/local/share/gnuradio/grc/blocks/clenabled_clSNR.xml
-- Installing: /home/f6l/local/share/gnuradio/grc/blocks/clenabled_clSubtract.xml
-- Installing: /home/f6l/local/share/gnuradio/grc/blocks/clenabled_clKernel1To1.xml
-- Installing: /home/f6l/local/share/gnuradio/grc/blocks/clenabled_clKernel2To1.xml
-- Installing: /home/f6l/local/share/gnuradio/grc/blocks/clenabled_clSignalSource.xml
-- Installing: /home/f6l/local/share/gnuradio/grc/blocks/clenabled_clCostasLoop.xml
-- Up-to-date: /home/f6l/local/share/doc/gr-clenabled/xml
-- Installing: /home/f6l/local/share/doc/gr-clenabled/xml/fir__filter_8h.xml
-- Installing: /home/f6l/local/share/doc/gr-clenabled/xml/namespacegr.xml
-- Installing: /home/f6l/local/share/doc/gr-clenabled/xml/classgr_1_1clenabled_1_1clKernel1To1.xml
-- Installing: /home/f6l/local/share/doc/gr-clenabled/xml/classgr_1_1clenabled_1_1clFFT__impl.xml
-- Installing: /home/f6l/local/share/doc/gr-clenabled/xml/classgr_1_1clenabled_1_1fft__real__fwd.xml
-- Installing: /home/f6l/local/share/doc/gr-clenabled/xml/classgr_1_1clenabled_1_1clSignalSource.xml
-- Installing: /home/f6l/local/share/doc/gr-clenabled/xml/classgr_1_1clenabled_1_1clMathConst.xml
-- Installing: /home/f6l/local/share/doc/gr-clenabled/xml/clMathConst_8h.xml
-- Installing: /home/f6l/local/share/doc/gr-clenabled/xml/classgr_1_1clenabled_1_1planner.xml
-- Installing: /home/f6l/local/share/doc/gr-clenabled/xml/clKernel2To1__impl_8h.xml
-- Installing: /home/f6l/local/share/doc/gr-clenabled/xml/clCostasLoop_8h.xml
-- Installing: /home/f6l/local/share/doc/gr-clenabled/xml/clComplexToArg_8h.xml
-- Installing: /home/f6l/local/share/doc/gr-clenabled/xml/classgr_1_1clenabled_1_1clKernel2To1__impl.xml
-- Installing: /home/f6l/local/share/doc/gr-clenabled/xml/clSNR__impl_8h.xml
-- Installing: /home/f6l/local/share/doc/gr-clenabled/xml/namespacegr_1_1clenabled.xml
-- Installing: /home/f6l/local/share/doc/gr-clenabled/xml/fft_8h.xml
-- Installing: /home/f6l/local/share/doc/gr-clenabled/xml/classgr_1_1clenabled_1_1clQuadratureDemod.xml
-- Installing: /home/f6l/local/share/doc/gr-clenabled/xml/firdes_8h.xml
-- Installing: /home/f6l/local/share/doc/gr-clenabled/xml/clKernel2To1_8h.xml
-- Installing: /home/f6l/local/share/doc/gr-clenabled/xml/clMathOp__impl_8h.xml
-- Installing: /home/f6l/local/share/doc/gr-clenabled/xml/classgr_1_1clenabled_1_1clMathConst__impl.xml
-- Installing: /home/f6l/local/share/doc/gr-clenabled/xml/clQuadratureDemod_8h.xml
-- Installing: /home/f6l/local/share/doc/gr-clenabled/xml/clSignalSource_8h.xml
-- Installing: /home/f6l/local/share/doc/gr-clenabled/xml/clComplexToArg__impl_8h.xml
-- Installing: /home/f6l/local/share/doc/gr-clenabled/xml/clFFT__impl_8h.xml
-- Installing: /home/f6l/local/share/doc/gr-clenabled/xml/classgr_1_1filter_1_1kernel_1_1fir__filter__fcc.xml
-- Installing: /home/f6l/local/share/doc/gr-clenabled/xml/clComplexToMag__impl_8h.xml
-- Installing: /home/f6l/local/share/doc/gr-clenabled/xml/clMagPhaseToComplex__impl_8h.xml
-- Installing: /home/f6l/local/share/doc/gr-clenabled/xml/indexpage.xml
-- Installing: /home/f6l/local/share/doc/gr-clenabled/xml/dir_d44c64559bbebec7f509842c48db8b23.xml
-- Installing: /home/f6l/local/share/doc/gr-clenabled/xml/classgr_1_1clenabled_1_1fft__complex.xml
-- Installing: /home/f6l/local/share/doc/gr-clenabled/xml/classgr_1_1clenabled_1_1clSNR.xml
-- Installing: /home/f6l/local/share/doc/gr-clenabled/xml/clSNR_8h.xml
-- Installing: /home/f6l/local/share/doc/gr-clenabled/xml/classgr_1_1clenabled_1_1clComplexToMag.xml
-- Installing: /home/f6l/local/share/doc/gr-clenabled/xml/index.xml
-- Installing: /home/f6l/local/share/doc/gr-clenabled/xml/clKernel1To1_8h.xml
-- Installing: /home/f6l/local/share/doc/gr-clenabled/xml/window_8h.xml
-- Installing: /home/f6l/local/share/doc/gr-clenabled/xml/classgr_1_1clenabled_1_1clCostasLoop.xml
-- Installing: /home/f6l/local/share/doc/gr-clenabled/xml/clComplexToMagPhase_8h.xml
-- Installing: /home/f6l/local/share/doc/gr-clenabled/xml/namespacegr_1_1filter_1_1kernel.xml
-- Installing: /home/f6l/local/share/doc/gr-clenabled/xml/classgr_1_1clenabled_1_1clCostasLoop__impl.xml
-- Installing: /home/f6l/local/share/doc/gr-clenabled/xml/api_8h.xml
-- Installing: /home/f6l/local/share/doc/gr-clenabled/xml/dir_97aefd0d527b934f1d99a682da8fe6a9.xml
-- Installing: /home/f6l/local/share/doc/gr-clenabled/xml/classgr_1_1clenabled_1_1clFFT.xml
-- Installing: /home/f6l/local/share/doc/gr-clenabled/xml/clKernel1To1__impl_8h.xml
-- Installing: /home/f6l/local/share/doc/gr-clenabled/xml/clFFT_8h.xml
-- Installing: /home/f6l/local/share/doc/gr-clenabled/xml/classgr_1_1filter_1_1kernel_1_1fir__filter__ccf.xml
-- Installing: /home/f6l/local/share/doc/gr-clenabled/xml/classgr_1_1clenabled_1_1fft__real__rev.xml
-- Installing: /home/f6l/local/share/doc/gr-clenabled/xml/clQuadratureDemod__impl_8h.xml
-- Installing: /home/f6l/local/share/doc/gr-clenabled/xml/clSignalSource__impl_8h.xml
-- Installing: /home/f6l/local/share/doc/gr-clenabled/xml/namespacegr_1_1filter.xml
-- Installing: /home/f6l/local/share/doc/gr-clenabled/xml/classgr_1_1clenabled_1_1GRCLBase.xml
-- Installing: /home/f6l/local/share/doc/gr-clenabled/xml/classgr_1_1clenabled_1_1fft__filter__ccf.xml
-- Installing: /home/f6l/local/share/doc/gr-clenabled/xml/classgr_1_1clenabled_1_1clMagPhaseToComplex.xml
-- Installing: /home/f6l/local/share/doc/gr-clenabled/xml/clLog_8h.xml
-- Installing: /home/f6l/local/share/doc/gr-clenabled/xml/classgr_1_1clenabled_1_1clMagPhaseToComplex__impl.xml
-- Installing: /home/f6l/local/share/doc/gr-clenabled/xml/clFilter__impl_8h.xml
-- Installing: /home/f6l/local/share/doc/gr-clenabled/xml/group__defs_8dox.xml
-- Installing: /home/f6l/local/share/doc/gr-clenabled/xml/classgr_1_1clenabled_1_1clFilter__impl.xml
-- Installing: /home/f6l/local/share/doc/gr-clenabled/xml/clComplexToMagPhase__impl_8h.xml
-- Installing: /home/f6l/local/share/doc/gr-clenabled/xml/combine.xslt
-- Installing: /home/f6l/local/share/doc/gr-clenabled/xml/structComplexStruct.xml
-- Installing: /home/f6l/local/share/doc/gr-clenabled/xml/classgr_1_1filter_1_1kernel_1_1fir__filter__scc.xml
-- Installing: /home/f6l/local/share/doc/gr-clenabled/xml/clComplexToMag_8h.xml
-- Installing: /home/f6l/local/share/doc/gr-clenabled/xml/classgr_1_1clenabled_1_1clSNR__impl.xml
-- Installing: /home/f6l/local/share/doc/gr-clenabled/xml/classgr_1_1clenabled_1_1clMathOp.xml
-- Installing: /home/f6l/local/share/doc/gr-clenabled/xml/dir_b477aa271b4c3ac5218deb52973f8cd6.xml
-- Installing: /home/f6l/local/share/doc/gr-clenabled/xml/classgr_1_1clenabled_1_1clComplexToArg.xml
-- Installing: /home/f6l/local/share/doc/gr-clenabled/xml/classgr_1_1clenabled_1_1clLog.xml
-- Installing: /home/f6l/local/share/doc/gr-clenabled/xml/classgr_1_1clenabled_1_1clComplexToMagPhase__impl.xml
-- Installing: /home/f6l/local/share/doc/gr-clenabled/xml/GRCLBase_8h.xml
-- Installing: /home/f6l/local/share/doc/gr-clenabled/xml/classgr_1_1clenabled_1_1clComplexToMag__impl.xml
-- Installing: /home/f6l/local/share/doc/gr-clenabled/xml/fast__atan2f_8h.xml
-- Installing: /home/f6l/local/share/doc/gr-clenabled/xml/classgr_1_1clenabled_1_1clQuadratureDemod__impl.xml
-- Installing: /home/f6l/local/share/doc/gr-clenabled/xml/clMathOpTypes_8h.xml
-- Installing: /home/f6l/local/share/doc/gr-clenabled/xml/clLog__impl_8h.xml
-- Installing: /home/f6l/local/share/doc/gr-clenabled/xml/clMathOp_8h.xml
-- Installing: /home/f6l/local/share/doc/gr-clenabled/xml/compound.xsd
-- Installing: /home/f6l/local/share/doc/gr-clenabled/xml/classgr_1_1clenabled_1_1clKernel1To1__impl.xml
-- Installing: /home/f6l/local/share/doc/gr-clenabled/xml/clCostasLoop__impl_8h.xml
-- Installing: /home/f6l/local/share/doc/gr-clenabled/xml/classgr_1_1clenabled_1_1clMathOp__impl.xml
-- Installing: /home/f6l/local/share/doc/gr-clenabled/xml/classgr_1_1clenabled_1_1clComplexToMagPhase.xml
-- Installing: /home/f6l/local/share/doc/gr-clenabled/xml/fft__filter_8h.xml
-- Installing: /home/f6l/local/share/doc/gr-clenabled/xml/classgr_1_1filter_1_1kernel_1_1fir__filter__fsf.xml
-- Installing: /home/f6l/local/share/doc/gr-clenabled/xml/classgr_1_1clenabled_1_1clComplexToArg__impl.xml
-- Installing: /home/f6l/local/share/doc/gr-clenabled/xml/classgr_1_1clenabled_1_1window.xml
-- Installing: /home/f6l/local/share/doc/gr-clenabled/xml/group__block.xml
-- Installing: /home/f6l/local/share/doc/gr-clenabled/xml/clMathConst__impl_8h.xml
-- Installing: /home/f6l/local/share/doc/gr-clenabled/xml/namespacestd.xml
-- Installing: /home/f6l/local/share/doc/gr-clenabled/xml/index.xsd
-- Installing: /home/f6l/local/share/doc/gr-clenabled/xml/classgr_1_1clenabled_1_1clSignalSource__impl.xml
-- Installing: /home/f6l/local/share/doc/gr-clenabled/xml/clFilter_8h.xml
-- Installing: /home/f6l/local/share/doc/gr-clenabled/xml/classgr_1_1filter_1_1kernel_1_1fir__filter__ccc.xml
-- Installing: /home/f6l/local/share/doc/gr-clenabled/xml/classgr_1_1clenabled_1_1clLog__impl.xml
-- Installing: /home/f6l/local/share/doc/gr-clenabled/xml/clSComplex_8h.xml
-- Installing: /home/f6l/local/share/doc/gr-clenabled/xml/main__page_8dox.xml
-- Installing: /home/f6l/local/share/doc/gr-clenabled/xml/classgr_1_1filter_1_1kernel_1_1fir__filter__fff.xml
-- Installing: /home/f6l/local/share/doc/gr-clenabled/xml/classgr_1_1clenabled_1_1firdes.xml
-- Installing: /home/f6l/local/share/doc/gr-clenabled/xml/classgr_1_1clenabled_1_1clFilter.xml
-- Installing: /home/f6l/local/share/doc/gr-clenabled/xml/classgr_1_1clenabled_1_1clKernel2To1.xml
-- Installing: /home/f6l/local/share/doc/gr-clenabled/xml/clMagPhaseToComplex_8h.xml
-- Up-to-date: /home/f6l/local/share/doc/gr-clenabled/html
-- Installing: /home/f6l/local/share/doc/gr-clenabled/html/classgr_1_1clenabled_1_1clSignalSource__impl-members.html
-- Installing: /home/f6l/local/share/doc/gr-clenabled/html/classgr_1_1clenabled_1_1clFFT__impl-members.html
-- Installing: /home/f6l/local/share/doc/gr-clenabled/html/classgr_1_1clenabled_1_1window.html
-- Installing: /home/f6l/local/share/doc/gr-clenabled/html/classgr_1_1clenabled_1_1clKernel1To1.png
-- Installing: /home/f6l/local/share/doc/gr-clenabled/html/functions_0x66.html
-- Installing: /home/f6l/local/share/doc/gr-clenabled/html/globals_type.html
-- Installing: /home/f6l/local/share/doc/gr-clenabled/html/clKernel2To1__impl_8h.html
-- Installing: /home/f6l/local/share/doc/gr-clenabled/html/clMagPhaseToComplex__impl_8h_source.html
-- Installing: /home/f6l/local/share/doc/gr-clenabled/html/clCostasLoop_8h.html
-- Installing: /home/f6l/local/share/doc/gr-clenabled/html/classgr_1_1clenabled_1_1fft__real__fwd.html
-- Installing: /home/f6l/local/share/doc/gr-clenabled/html/fft__filter_8h.html
-- Installing: /home/f6l/local/share/doc/gr-clenabled/html/classgr_1_1clenabled_1_1clMathConst__impl.js
-- Installing: /home/f6l/local/share/doc/gr-clenabled/html/classgr_1_1clenabled_1_1clComplexToArg__impl.js
-- Installing: /home/f6l/local/share/doc/gr-clenabled/html/GRCLBase_8h.js
-- Installing: /home/f6l/local/share/doc/gr-clenabled/html/index.html
-- Installing: /home/f6l/local/share/doc/gr-clenabled/html/classgr_1_1clenabled_1_1clMathConst.js
-- Installing: /home/f6l/local/share/doc/gr-clenabled/html/clComplexToMagPhase_8h.html
-- Installing: /home/f6l/local/share/doc/gr-clenabled/html/classgr_1_1filter_1_1kernel_1_1fir__filter__ccc-members.html
-- Installing: /home/f6l/local/share/doc/gr-clenabled/html/namespacegr_1_1filter_1_1kernel.js
-- Installing: /home/f6l/local/share/doc/gr-clenabled/html/classgr_1_1clenabled_1_1fft__filter__ccf.js
-- Installing: /home/f6l/local/share/doc/gr-clenabled/html/classgr_1_1clenabled_1_1clQuadratureDemod__impl.png
-- Installing: /home/f6l/local/share/doc/gr-clenabled/html/classgr_1_1clenabled_1_1fft__real__rev.html
-- Installing: /home/f6l/local/share/doc/gr-clenabled/html/classgr_1_1clenabled_1_1clSNR.html
-- Installing: /home/f6l/local/share/doc/gr-clenabled/html/functions_func_0x65.html
-- Installing: /home/f6l/local/share/doc/gr-clenabled/html/classgr_1_1clenabled_1_1fft__filter__ccf-members.html
-- Installing: /home/f6l/local/share/doc/gr-clenabled/html/classgr_1_1clenabled_1_1firdes-members.html
-- Installing: /home/f6l/local/share/doc/gr-clenabled/html/bdwn.png
-- Installing: /home/f6l/local/share/doc/gr-clenabled/html/classgr_1_1clenabled_1_1clComplexToMag.html
-- Installing: /home/f6l/local/share/doc/gr-clenabled/html/classgr_1_1filter_1_1kernel_1_1fir__filter__scc.html
-- Installing: /home/f6l/local/share/doc/gr-clenabled/html/classgr_1_1clenabled_1_1clKernel2To1__impl.js
-- Installing: /home/f6l/local/share/doc/gr-clenabled/html/clFilter_8h.js
-- Installing: /home/f6l/local/share/doc/gr-clenabled/html/namespacegr_1_1filter.html
-- Installing: /home/f6l/local/share/doc/gr-clenabled/html/classgr_1_1clenabled_1_1clComplexToArg.png
-- Installing: /home/f6l/local/share/doc/gr-clenabled/html/classgr_1_1clenabled_1_1clMathOp__impl.js
-- Installing: /home/f6l/local/share/doc/gr-clenabled/html/modules.js
-- Installing: /home/f6l/local/share/doc/gr-clenabled/html/classgr_1_1clenabled_1_1clSNR__impl.png
-- Installing: /home/f6l/local/share/doc/gr-clenabled/html/classgr_1_1clenabled_1_1clMathConst.png
-- Installing: /home/f6l/local/share/doc/gr-clenabled/html/classgr_1_1clenabled_1_1clComplexToMag__impl.html
-- Installing: /home/f6l/local/share/doc/gr-clenabled/html/functions_0x68.html
-- Installing: /home/f6l/local/share/doc/gr-clenabled/html/functions_0x67.html
-- Installing: /home/f6l/local/share/doc/gr-clenabled/html/classgr_1_1clenabled_1_1clComplexToArg__impl.html
-- Installing: /home/f6l/local/share/doc/gr-clenabled/html/classgr_1_1clenabled_1_1clMathOp.js
-- Installing: /home/f6l/local/share/doc/gr-clenabled/html/group__block.html
-- Installing: /home/f6l/local/share/doc/gr-clenabled/html/classgr_1_1clenabled_1_1clFilter.html
-- Installing: /home/f6l/local/share/doc/gr-clenabled/html/clMagPhaseToComplex_8h.html
-- Installing: /home/f6l/local/share/doc/gr-clenabled/html/clKernel1To1_8h_source.html
-- Installing: /home/f6l/local/share/doc/gr-clenabled/html/ftv2cl.png
-- Installing: /home/f6l/local/share/doc/gr-clenabled/html/classgr_1_1clenabled_1_1clComplexToMagPhase.js
-- Installing: /home/f6l/local/share/doc/gr-clenabled/html/group__defs_8dox.html
-- Installing: /home/f6l/local/share/doc/gr-clenabled/html/tab_b.png
-- Installing: /home/f6l/local/share/doc/gr-clenabled/html/clSignalSource_8h_source.html
-- Installing: /home/f6l/local/share/doc/gr-clenabled/html/classgr_1_1clenabled_1_1clComplexToArg.html
-- Installing: /home/f6l/local/share/doc/gr-clenabled/html/classgr_1_1clenabled_1_1clCostasLoop.png
-- Installing: /home/f6l/local/share/doc/gr-clenabled/html/classgr_1_1clenabled_1_1clLog__impl.png
-- Installing: /home/f6l/local/share/doc/gr-clenabled/html/functions_type.html
-- Installing: /home/f6l/local/share/doc/gr-clenabled/html/classgr_1_1clenabled_1_1clKernel1To1__impl.html
-- Installing: /home/f6l/local/share/doc/gr-clenabled/html/classgr_1_1clenabled_1_1clComplexToArg__impl-members.html
-- Installing: /home/f6l/local/share/doc/gr-clenabled/html/classgr_1_1clenabled_1_1clKernel2To1__impl.png
-- Installing: /home/f6l/local/share/doc/gr-clenabled/html/clKernel2To1_8h_source.html
-- Installing: /home/f6l/local/share/doc/gr-clenabled/html/classes.html
-- Installing: /home/f6l/local/share/doc/gr-clenabled/html/dir_b477aa271b4c3ac5218deb52973f8cd6.html
-- Installing: /home/f6l/local/share/doc/gr-clenabled/html/ftv2mo.png
-- Installing: /home/f6l/local/share/doc/gr-clenabled/html/clSNR_8h.html
-- Installing: /home/f6l/local/share/doc/gr-clenabled/html/classgr_1_1clenabled_1_1clComplexToMagPhase__impl.png
-- Installing: /home/f6l/local/share/doc/gr-clenabled/html/clFFT_8h.html
-- Installing: /home/f6l/local/share/doc/gr-clenabled/html/clMathOpTypes_8h.js
-- Installing: /home/f6l/local/share/doc/gr-clenabled/html/classgr_1_1clenabled_1_1clFilter.js
-- Installing: /home/f6l/local/share/doc/gr-clenabled/html/doxygen.css
-- Installing: /home/f6l/local/share/doc/gr-clenabled/html/classgr_1_1filter_1_1kernel_1_1fir__filter__ccc.js
-- Installing: /home/f6l/local/share/doc/gr-clenabled/html/functions_func_0x69.html
-- Installing: /home/f6l/local/share/doc/gr-clenabled/html/nav_g.png
-- Installing: /home/f6l/local/share/doc/gr-clenabled/html/clLog_8h.html
-- Installing: /home/f6l/local/share/doc/gr-clenabled/html/clCostasLoop__impl_8h_source.html
-- Installing: /home/f6l/local/share/doc/gr-clenabled/html/ftv2mnode.png
-- Installing: /home/f6l/local/share/doc/gr-clenabled/html/functions_func_0x70.html
-- Installing: /home/f6l/local/share/doc/gr-clenabled/html/api_8h_source.html
-- Installing: /home/f6l/local/share/doc/gr-clenabled/html/clQuadratureDemod_8h.html
-- Installing: /home/f6l/local/share/doc/gr-clenabled/html/functions_0x62.html
-- Installing: /home/f6l/local/share/doc/gr-clenabled/html/classgr_1_1clenabled_1_1GRCLBase.js
-- Installing: /home/f6l/local/share/doc/gr-clenabled/html/fft__filter_8h_source.html
-- Installing: /home/f6l/local/share/doc/gr-clenabled/html/functions_0x7e.html
-- Installing: /home/f6l/local/share/doc/gr-clenabled/html/classgr_1_1clenabled_1_1clMagPhaseToComplex.js
-- Installing: /home/f6l/local/share/doc/gr-clenabled/html/classgr_1_1clenabled_1_1clQuadratureDemod__impl.js
-- Installing: /home/f6l/local/share/doc/gr-clenabled/html/classgr_1_1filter_1_1kernel_1_1fir__filter__scc-members.html
-- Installing: /home/f6l/local/share/doc/gr-clenabled/html/classgr_1_1filter_1_1kernel_1_1fir__filter__fcc-members.html
-- Installing: /home/f6l/local/share/doc/gr-clenabled/html/clMagPhaseToComplex__impl_8h.html
-- Installing: /home/f6l/local/share/doc/gr-clenabled/html/classgr_1_1clenabled_1_1clFilter__impl.js
-- Installing: /home/f6l/local/share/doc/gr-clenabled/html/functions_func_0x6f.html
-- Installing: /home/f6l/local/share/doc/gr-clenabled/html/classgr_1_1clenabled_1_1clMathConst.html
-- Installing: /home/f6l/local/share/doc/gr-clenabled/html/classgr_1_1clenabled_1_1clFilter__impl.png
-- Installing: /home/f6l/local/share/doc/gr-clenabled/html/classgr_1_1clenabled_1_1clLog.png
-- Installing: /home/f6l/local/share/doc/gr-clenabled/html/classgr_1_1filter_1_1kernel_1_1fir__filter__fff-members.html
-- Installing: /home/f6l/local/share/doc/gr-clenabled/html/classgr_1_1clenabled_1_1clKernel1To1.html
-- Installing: /home/f6l/local/share/doc/gr-clenabled/html/modules.html
-- Installing: /home/f6l/local/share/doc/gr-clenabled/html/classgr_1_1clenabled_1_1clSNR-members.html
-- Installing: /home/f6l/local/share/doc/gr-clenabled/html/functions_func_0x73.html
-- Installing: /home/f6l/local/share/doc/gr-clenabled/html/functions_func_0x66.html
-- Installing: /home/f6l/local/share/doc/gr-clenabled/html/classgr_1_1clenabled_1_1clComplexToMag__impl.js
-- Installing: /home/f6l/local/share/doc/gr-clenabled/html/fast__atan2f_8h_source.html
-- Installing: /home/f6l/local/share/doc/gr-clenabled/html/classgr_1_1clenabled_1_1clSNR.png
-- Installing: /home/f6l/local/share/doc/gr-clenabled/html/classgr_1_1clenabled_1_1clLog__impl-members.html
-- Installing: /home/f6l/local/share/doc/gr-clenabled/html/ftv2vertline.png
-- Installing: /home/f6l/local/share/doc/gr-clenabled/html/classgr_1_1clenabled_1_1clFilter.png
-- Installing: /home/f6l/local/share/doc/gr-clenabled/html/classgr_1_1clenabled_1_1clMagPhaseToComplex.png
-- Installing: /home/f6l/local/share/doc/gr-clenabled/html/classgr_1_1filter_1_1kernel_1_1fir__filter__fsf-members.html
-- Installing: /home/f6l/local/share/doc/gr-clenabled/html/classgr_1_1clenabled_1_1clCostasLoop-members.html
-- Installing: /home/f6l/local/share/doc/gr-clenabled/html/classgr_1_1clenabled_1_1clSNR.js
-- Installing: /home/f6l/local/share/doc/gr-clenabled/html/classgr_1_1clenabled_1_1clComplexToMag-members.html
-- Installing: /home/f6l/local/share/doc/gr-clenabled/html/classgr_1_1clenabled_1_1clKernel1To1__impl.js
-- Installing: /home/f6l/local/share/doc/gr-clenabled/html/globals_defs.html
-- Installing: /home/f6l/local/share/doc/gr-clenabled/html/dir_97aefd0d527b934f1d99a682da8fe6a9.html
-- Installing: /home/f6l/local/share/doc/gr-clenabled/html/clComplexToMag__impl_8h.html
-- Installing: /home/f6l/local/share/doc/gr-clenabled/html/clComplexToMag__impl_8h_source.html
-- Installing: /home/f6l/local/share/doc/gr-clenabled/html/classgr_1_1clenabled_1_1clMagPhaseToComplex__impl.html
-- Installing: /home/f6l/local/share/doc/gr-clenabled/html/api_8h.js
-- Installing: /home/f6l/local/share/doc/gr-clenabled/html/classgr_1_1clenabled_1_1clFFT.html
-- Installing: /home/f6l/local/share/doc/gr-clenabled/html/dir_d44c64559bbebec7f509842c48db8b23.html
-- Installing: /home/f6l/local/share/doc/gr-clenabled/html/classgr_1_1filter_1_1kernel_1_1fir__filter__fff.js
-- Installing: /home/f6l/local/share/doc/gr-clenabled/html/resize.js
-- Installing: /home/f6l/local/share/doc/gr-clenabled/html/clSignalSource__impl_8h_source.html
-- Installing: /home/f6l/local/share/doc/gr-clenabled/html/firdes_8h.html
-- Installing: /home/f6l/local/share/doc/gr-clenabled/html/classgr_1_1clenabled_1_1planner-members.html
-- Installing: /home/f6l/local/share/doc/gr-clenabled/html/classgr_1_1clenabled_1_1clMathConst__impl.html
-- Installing: /home/f6l/local/share/doc/gr-clenabled/html/clMathOpTypes_8h.html
-- Installing: /home/f6l/local/share/doc/gr-clenabled/html/classgr_1_1clenabled_1_1clQuadratureDemod__impl.html
-- Installing: /home/f6l/local/share/doc/gr-clenabled/html/fft_8h.js
-- Installing: /home/f6l/local/share/doc/gr-clenabled/html/classgr_1_1clenabled_1_1firdes.js
-- Installing: /home/f6l/local/share/doc/gr-clenabled/html/classgr_1_1clenabled_1_1clComplexToMag.js
-- Installing: /home/f6l/local/share/doc/gr-clenabled/html/classgr_1_1filter_1_1kernel_1_1fir__filter__fcc.html
-- Installing: /home/f6l/local/share/doc/gr-clenabled/html/functions_func_0x6c.html
-- Installing: /home/f6l/local/share/doc/gr-clenabled/html/ftv2plastnode.png
-- Installing: /home/f6l/local/share/doc/gr-clenabled/html/functions_0x71.html
-- Installing: /home/f6l/local/share/doc/gr-clenabled/html/classgr_1_1clenabled_1_1clLog__impl.html
-- Installing: /home/f6l/local/share/doc/gr-clenabled/html/classgr_1_1clenabled_1_1clComplexToMag.png
-- Installing: /home/f6l/local/share/doc/gr-clenabled/html/functions_func_0x74.html
-- Installing: /home/f6l/local/share/doc/gr-clenabled/html/classgr_1_1clenabled_1_1planner.js
-- Installing: /home/f6l/local/share/doc/gr-clenabled/html/classgr_1_1clenabled_1_1GRCLBase.png
-- Installing: /home/f6l/local/share/doc/gr-clenabled/html/clFFT__impl_8h.html
-- Installing: /home/f6l/local/share/doc/gr-clenabled/html/classgr_1_1clenabled_1_1clKernel2To1__impl.html
-- Installing: /home/f6l/local/share/doc/gr-clenabled/html/ftv2folderopen.png
-- Installing: /home/f6l/local/share/doc/gr-clenabled/html/navtreeindex0.js
-- Installing: /home/f6l/local/share/doc/gr-clenabled/html/clQuadratureDemod_8h_source.html
-- Installing: /home/f6l/local/share/doc/gr-clenabled/html/classgr_1_1clenabled_1_1clMagPhaseToComplex__impl.png
-- Installing: /home/f6l/local/share/doc/gr-clenabled/html/clFFT_8h.js
-- Installing: /home/f6l/local/share/doc/gr-clenabled/html/classgr_1_1clenabled_1_1clSNR__impl-members.html
-- Installing: /home/f6l/local/share/doc/gr-clenabled/html/functions_0x63.html
-- Installing: /home/f6l/local/share/doc/gr-clenabled/html/classgr_1_1clenabled_1_1fft__complex-members.html
-- Installing: /home/f6l/local/share/doc/gr-clenabled/html/classgr_1_1filter_1_1kernel_1_1fir__filter__fsf.html
-- Installing: /home/f6l/local/share/doc/gr-clenabled/html/tab_s.png
-- Installing: /home/f6l/local/share/doc/gr-clenabled/html/navtreeindex1.js
-- Installing: /home/f6l/local/share/doc/gr-clenabled/html/classgr_1_1clenabled_1_1clComplexToMagPhase-members.html
-- Installing: /home/f6l/local/share/doc/gr-clenabled/html/clComplexToArg__impl_8h.html
-- Installing: /home/f6l/local/share/doc/gr-clenabled/html/functions_func_0x72.html
-- Installing: /home/f6l/local/share/doc/gr-clenabled/html/classgr_1_1clenabled_1_1clFFT__impl.png
-- Installing: /home/f6l/local/share/doc/gr-clenabled/html/sync_off.png
-- Installing: /home/f6l/local/share/doc/gr-clenabled/html/clKernel2To1_8h.html
-- Installing: /home/f6l/local/share/doc/gr-clenabled/html/functions_0x72.html
-- Installing: /home/f6l/local/share/doc/gr-clenabled/html/files.js
-- Installing: /home/f6l/local/share/doc/gr-clenabled/html/functions_eval.html
-- Installing: /home/f6l/local/share/doc/gr-clenabled/html/functions_func_0x63.html
-- Installing: /home/f6l/local/share/doc/gr-clenabled/html/functions_0x73.html
-- Installing: /home/f6l/local/share/doc/gr-clenabled/html/functions_0x70.html
-- Installing: /home/f6l/local/share/doc/gr-clenabled/html/classgr_1_1clenabled_1_1firdes.html
-- Installing: /home/f6l/local/share/doc/gr-clenabled/html/ftv2splitbar.png
-- Installing: /home/f6l/local/share/doc/gr-clenabled/html/classgr_1_1clenabled_1_1clKernel1To1.js
-- Installing: /home/f6l/local/share/doc/gr-clenabled/html/clFFT_8h_source.html
-- Installing: /home/f6l/local/share/doc/gr-clenabled/html/clCostasLoop__impl_8h.html
-- Installing: /home/f6l/local/share/doc/gr-clenabled/html/GRCLBase_8h.html
-- Installing: /home/f6l/local/share/doc/gr-clenabled/html/classgr_1_1clenabled_1_1clKernel2To1-members.html
-- Installing: /home/f6l/local/share/doc/gr-clenabled/html/functions_0x77.html
-- Installing: /home/f6l/local/share/doc/gr-clenabled/html/clComplexToMag_8h_source.html
-- Installing: /home/f6l/local/share/doc/gr-clenabled/html/functions_0x74.html
-- Installing: /home/f6l/local/share/doc/gr-clenabled/html/fast__atan2f_8h.js
-- Installing: /home/f6l/local/share/doc/gr-clenabled/html/classgr_1_1clenabled_1_1clCostasLoop.html
-- Installing: /home/f6l/local/share/doc/gr-clenabled/html/clMathConst__impl_8h.html
-- Installing: /home/f6l/local/share/doc/gr-clenabled/html/classgr_1_1clenabled_1_1GRCLBase-members.html
-- Installing: /home/f6l/local/share/doc/gr-clenabled/html/classgr_1_1clenabled_1_1clKernel2To1.js
-- Installing: /home/f6l/local/share/doc/gr-clenabled/html/classgr_1_1clenabled_1_1clKernel1To1-members.html
-- Installing: /home/f6l/local/share/doc/gr-clenabled/html/functions_0x65.html
-- Installing: /home/f6l/local/share/doc/gr-clenabled/html/fft_8h_source.html
-- Installing: /home/f6l/local/share/doc/gr-clenabled/html/classgr_1_1clenabled_1_1clMagPhaseToComplex__impl.js
-- Installing: /home/f6l/local/share/doc/gr-clenabled/html/classgr_1_1clenabled_1_1clCostasLoop__impl.js
-- Installing: /home/f6l/local/share/doc/gr-clenabled/html/classgr_1_1clenabled_1_1clQuadratureDemod.png
-- Installing: /home/f6l/local/share/doc/gr-clenabled/html/clSNR__impl_8h.html
-- Installing: /home/f6l/local/share/doc/gr-clenabled/html/classgr_1_1clenabled_1_1clCostasLoop.js
-- Installing: /home/f6l/local/share/doc/gr-clenabled/html/clComplexToMagPhase_8h_source.html
-- Installing: /home/f6l/local/share/doc/gr-clenabled/html/ftv2lastnode.png
-- Installing: /home/f6l/local/share/doc/gr-clenabled/html/clSNR_8h_source.html
-- Installing: /home/f6l/local/share/doc/gr-clenabled/html/clMathOpTypes_8h_source.html
-- Installing: /home/f6l/local/share/doc/gr-clenabled/html/clComplexToArg_8h_source.html
-- Installing: /home/f6l/local/share/doc/gr-clenabled/html/classgr_1_1clenabled_1_1clKernel1To1__impl-members.html
-- Installing: /home/f6l/local/share/doc/gr-clenabled/html/classgr_1_1clenabled_1_1clQuadratureDemod.html
-- Installing: /home/f6l/local/share/doc/gr-clenabled/html/bc_s.png
-- Installing: /home/f6l/local/share/doc/gr-clenabled/html/classgr_1_1clenabled_1_1clComplexToMagPhase__impl.html
-- Installing: /home/f6l/local/share/doc/gr-clenabled/html/clQuadratureDemod__impl_8h.html
-- Installing: /home/f6l/local/share/doc/gr-clenabled/html/tabs.css
-- Installing: /home/f6l/local/share/doc/gr-clenabled/html/clSComplex_8h.js
-- Installing: /home/f6l/local/share/doc/gr-clenabled/html/classgr_1_1clenabled_1_1clSNR__impl.html
-- Installing: /home/f6l/local/share/doc/gr-clenabled/html/classgr_1_1clenabled_1_1clCostasLoop__impl.html
-- Installing: /home/f6l/local/share/doc/gr-clenabled/html/clLog__impl_8h_source.html
-- Installing: /home/f6l/local/share/doc/gr-clenabled/html/classgr_1_1clenabled_1_1fft__complex.js
-- Installing: /home/f6l/local/share/doc/gr-clenabled/html/sync_on.png
-- Installing: /home/f6l/local/share/doc/gr-clenabled/html/functions_0x75.html
-- Installing: /home/f6l/local/share/doc/gr-clenabled/html/classgr_1_1clenabled_1_1clFFT__impl.html
-- Installing: /home/f6l/local/share/doc/gr-clenabled/html/functions_func_0x7e.html
-- Installing: /home/f6l/local/share/doc/gr-clenabled/html/ftv2node.png
-- Installing: /home/f6l/local/share/doc/gr-clenabled/html/functions_func_0x77.html
-- Installing: /home/f6l/local/share/doc/gr-clenabled/html/namespacegr.js
-- Installing: /home/f6l/local/share/doc/gr-clenabled/html/classgr_1_1clenabled_1_1GRCLBase.html
-- Installing: /home/f6l/local/share/doc/gr-clenabled/html/api_8h.html
-- Installing: /home/f6l/local/share/doc/gr-clenabled/html/classgr_1_1clenabled_1_1clMagPhaseToComplex.html
-- Installing: /home/f6l/local/share/doc/gr-clenabled/html/clMathConst_8h_source.html
-- Installing: /home/f6l/local/share/doc/gr-clenabled/html/clMathConst_8h.html
-- Installing: /home/f6l/local/share/doc/gr-clenabled/html/classgr_1_1clenabled_1_1clMathConst__impl.png
-- Installing: /home/f6l/local/share/doc/gr-clenabled/html/classgr_1_1clenabled_1_1window.js
-- Installing: /home/f6l/local/share/doc/gr-clenabled/html/classgr_1_1clenabled_1_1clFFT-members.html
-- Installing: /home/f6l/local/share/doc/gr-clenabled/html/classgr_1_1clenabled_1_1fft__complex.html
-- Installing: /home/f6l/local/share/doc/gr-clenabled/html/classgr_1_1clenabled_1_1clLog-members.html
-- Installing: /home/f6l/local/share/doc/gr-clenabled/html/clMagPhaseToComplex_8h_source.html
-- Installing: /home/f6l/local/share/doc/gr-clenabled/html/classgr_1_1clenabled_1_1window-members.html
-- Installing: /home/f6l/local/share/doc/gr-clenabled/html/clKernel2To1__impl_8h_source.html
-- Installing: /home/f6l/local/share/doc/gr-clenabled/html/files.html
-- Installing: /home/f6l/local/share/doc/gr-clenabled/html/clFilter__impl_8h_source.html
-- Installing: /home/f6l/local/share/doc/gr-clenabled/html/classgr_1_1clenabled_1_1clMagPhaseToComplex__impl-members.html
-- Installing: /home/f6l/local/share/doc/gr-clenabled/html/classgr_1_1clenabled_1_1clMathOp.png
-- Installing: /home/f6l/local/share/doc/gr-clenabled/html/classgr_1_1clenabled_1_1fft__real__fwd.js
-- Installing: /home/f6l/local/share/doc/gr-clenabled/html/functions_0x6c.html
-- Installing: /home/f6l/local/share/doc/gr-clenabled/html/classgr_1_1filter_1_1kernel_1_1fir__filter__ccc.html
-- Installing: /home/f6l/local/share/doc/gr-clenabled/html/structComplexStruct.html
-- Installing: /home/f6l/local/share/doc/gr-clenabled/html/clComplexToMag_8h.html
-- Installing: /home/f6l/local/share/doc/gr-clenabled/html/clQuadratureDemod__impl_8h_source.html
-- Installing: /home/f6l/local/share/doc/gr-clenabled/html/classgr_1_1filter_1_1kernel_1_1fir__filter__ccf.js
-- Installing: /home/f6l/local/share/doc/gr-clenabled/html/classgr_1_1clenabled_1_1clComplexToArg__impl.png
-- Installing: /home/f6l/local/share/doc/gr-clenabled/html/classgr_1_1clenabled_1_1clSignalSource__impl.html
-- Installing: /home/f6l/local/share/doc/gr-clenabled/html/clKernel1To1__impl_8h.html
-- Installing: /home/f6l/local/share/doc/gr-clenabled/html/classgr_1_1clenabled_1_1fft__real__rev.js
-- Installing: /home/f6l/local/share/doc/gr-clenabled/html/functions_0x64.html
-- Installing: /home/f6l/local/share/doc/gr-clenabled/html/classgr_1_1filter_1_1kernel_1_1fir__filter__ccf.html
-- Installing: /home/f6l/local/share/doc/gr-clenabled/html/open.png
-- Installing: /home/f6l/local/share/doc/gr-clenabled/html/classgr_1_1clenabled_1_1planner.html
-- Installing: /home/f6l/local/share/doc/gr-clenabled/html/classgr_1_1clenabled_1_1clComplexToMag__impl.png
-- Installing: /home/f6l/local/share/doc/gr-clenabled/html/ftv2link.png
-- Installing: /home/f6l/local/share/doc/gr-clenabled/html/classgr_1_1clenabled_1_1clFilter-members.html
-- Installing: /home/f6l/local/share/doc/gr-clenabled/html/functions_func_0x68.html
-- Installing: /home/f6l/local/share/doc/gr-clenabled/html/namespacegr_1_1filter_1_1kernel.html
-- Installing: /home/f6l/local/share/doc/gr-clenabled/html/clMathOp__impl_8h.html
-- Installing: /home/f6l/local/share/doc/gr-clenabled/html/classgr_1_1clenabled_1_1clMathOp-members.html
-- Installing: /home/f6l/local/share/doc/gr-clenabled/html/classgr_1_1clenabled_1_1clMathOp.html
-- Installing: /home/f6l/local/share/doc/gr-clenabled/html/classgr_1_1clenabled_1_1clKernel2To1.png
-- Installing: /home/f6l/local/share/doc/gr-clenabled/html/functions_func_0x6b.html
-- Installing: /home/f6l/local/share/doc/gr-clenabled/html/classgr_1_1clenabled_1_1clCostasLoop__impl.png
-- Installing: /home/f6l/local/share/doc/gr-clenabled/html/navtree.css
-- Installing: /home/f6l/local/share/doc/gr-clenabled/html/clComplexToMagPhase__impl_8h_source.html
-- Installing: /home/f6l/local/share/doc/gr-clenabled/html/clFilter__impl_8h.html
-- Installing: /home/f6l/local/share/doc/gr-clenabled/html/clSignalSource__impl_8h.html
-- Installing: /home/f6l/local/share/doc/gr-clenabled/html/functions_func.js
-- Installing: /home/f6l/local/share/doc/gr-clenabled/html/functions_func_0x62.html
-- Installing: /home/f6l/local/share/doc/gr-clenabled/html/classgr_1_1clenabled_1_1clSignalSource.png
-- Installing: /home/f6l/local/share/doc/gr-clenabled/html/GRCLBase_8h_source.html
-- Installing: /home/f6l/local/share/doc/gr-clenabled/html/classgr_1_1clenabled_1_1clKernel2To1.html
-- Installing: /home/f6l/local/share/doc/gr-clenabled/html/nav_h.png
-- Installing: /home/f6l/local/share/doc/gr-clenabled/html/classgr_1_1clenabled_1_1clFFT.png
-- Installing: /home/f6l/local/share/doc/gr-clenabled/html/clSComplex_8h.html
-- Installing: /home/f6l/local/share/doc/gr-clenabled/html/clMathConst__impl_8h_source.html
-- Installing: /home/f6l/local/share/doc/gr-clenabled/html/navtree.js
-- Installing: /home/f6l/local/share/doc/gr-clenabled/html/classgr_1_1filter_1_1kernel_1_1fir__filter__fsf.js
-- Installing: /home/f6l/local/share/doc/gr-clenabled/html/classgr_1_1clenabled_1_1clSignalSource__impl.png
-- Installing: /home/f6l/local/share/doc/gr-clenabled/html/classgr_1_1clenabled_1_1clKernel1To1__impl.png
-- Installing: /home/f6l/local/share/doc/gr-clenabled/html/classgr_1_1clenabled_1_1clMathOp__impl.html
-- Installing: /home/f6l/local/share/doc/gr-clenabled/html/clSNR__impl_8h_source.html
-- Installing: /home/f6l/local/share/doc/gr-clenabled/html/clKernel1To1__impl_8h_source.html
-- Installing: /home/f6l/local/share/doc/gr-clenabled/html/classgr_1_1clenabled_1_1clSignalSource__impl.js
-- Installing: /home/f6l/local/share/doc/gr-clenabled/html/classgr_1_1clenabled_1_1clLog.html
-- Installing: /home/f6l/local/share/doc/gr-clenabled/html/dynsections.js
-- Installing: /home/f6l/local/share/doc/gr-clenabled/html/classgr_1_1clenabled_1_1clComplexToMagPhase__impl-members.html
-- Installing: /home/f6l/local/share/doc/gr-clenabled/html/functions_vars.html
-- Installing: /home/f6l/local/share/doc/gr-clenabled/html/ftv2pnode.png
-- Installing: /home/f6l/local/share/doc/gr-clenabled/html/structComplexStruct.js
-- Installing: /home/f6l/local/share/doc/gr-clenabled/html/doxygen.png
-- Installing: /home/f6l/local/share/doc/gr-clenabled/html/ftv2doc.png
-- Installing: /home/f6l/local/share/doc/gr-clenabled/html/classgr_1_1clenabled_1_1clSignalSource-members.html
-- Installing: /home/f6l/local/share/doc/gr-clenabled/html/classgr_1_1clenabled_1_1clQuadratureDemod__impl-members.html
-- Installing: /home/f6l/local/share/doc/gr-clenabled/html/jquery.js
-- Installing: /home/f6l/local/share/doc/gr-clenabled/html/classgr_1_1clenabled_1_1clMathOp__impl-members.html
-- Installing: /home/f6l/local/share/doc/gr-clenabled/html/classgr_1_1clenabled_1_1fft__real__rev-members.html
-- Installing: /home/f6l/local/share/doc/gr-clenabled/html/clKernel1To1_8h.html
-- Installing: /home/f6l/local/share/doc/gr-clenabled/html/classgr_1_1clenabled_1_1clKernel2To1__impl-members.html
-- Installing: /home/f6l/local/share/doc/gr-clenabled/html/classgr_1_1clenabled_1_1clComplexToMag__impl-members.html
-- Installing: /home/f6l/local/share/doc/gr-clenabled/html/clFilter_8h.html
-- Installing: /home/f6l/local/share/doc/gr-clenabled/html/navtreeindex2.js
-- Installing: /home/f6l/local/share/doc/gr-clenabled/html/classgr_1_1clenabled_1_1clLog.js
-- Installing: /home/f6l/local/share/doc/gr-clenabled/html/classgr_1_1clenabled_1_1clCostasLoop__impl-members.html
-- Installing: /home/f6l/local/share/doc/gr-clenabled/html/fft_8h.html
-- Installing: /home/f6l/local/share/doc/gr-clenabled/html/classgr_1_1clenabled_1_1clMathOp__impl.png
-- Installing: /home/f6l/local/share/doc/gr-clenabled/html/functions_0x6b.html
-- Installing: /home/f6l/local/share/doc/gr-clenabled/html/functions_func_0x6e.html
-- Installing: /home/f6l/local/share/doc/gr-clenabled/html/classgr_1_1filter_1_1kernel_1_1fir__filter__ccf-members.html
-- Installing: /home/f6l/local/share/doc/gr-clenabled/html/clMathOp_8h_source.html
-- Installing: /home/f6l/local/share/doc/gr-clenabled/html/main__page_8dox.html
-- Installing: /home/f6l/local/share/doc/gr-clenabled/html/hierarchy.js
-- Installing: /home/f6l/local/share/doc/gr-clenabled/html/clLog__impl_8h.html
-- Installing: /home/f6l/local/share/doc/gr-clenabled/html/clMathOp_8h.html
-- Installing: /home/f6l/local/share/doc/gr-clenabled/html/namespacemembers.html
-- Installing: /home/f6l/local/share/doc/gr-clenabled/html/classgr_1_1clenabled_1_1clQuadratureDemod.js
-- Installing: /home/f6l/local/share/doc/gr-clenabled/html/annotated.js
-- Installing: /home/f6l/local/share/doc/gr-clenabled/html/fir__filter_8h.html
-- Installing: /home/f6l/local/share/doc/gr-clenabled/html/classgr_1_1clenabled_1_1clComplexToArg-members.html
-- Installing: /home/f6l/local/share/doc/gr-clenabled/html/classgr_1_1clenabled_1_1clQuadratureDemod-members.html
-- Installing: /home/f6l/local/share/doc/gr-clenabled/html/clFFT__impl_8h_source.html
-- Installing: /home/f6l/local/share/doc/gr-clenabled/html/clFilter_8h_source.html
-- Installing: /home/f6l/local/share/doc/gr-clenabled/html/ftv2ns.png
-- Installing: /home/f6l/local/share/doc/gr-clenabled/html/classgr_1_1filter_1_1kernel_1_1fir__filter__fcc.js
-- Installing: /home/f6l/local/share/doc/gr-clenabled/html/classgr_1_1clenabled_1_1clLog__impl.js
-- Installing: /home/f6l/local/share/doc/gr-clenabled/html/classgr_1_1clenabled_1_1clFilter__impl-members.html
-- Installing: /home/f6l/local/share/doc/gr-clenabled/html/clCostasLoop_8h_source.html
-- Installing: /home/f6l/local/share/doc/gr-clenabled/html/classgr_1_1clenabled_1_1clSignalSource.html
-- Installing: /home/f6l/local/share/doc/gr-clenabled/html/namespacemembers_vars.html
-- Installing: /home/f6l/local/share/doc/gr-clenabled/html/annotated.html
-- Installing: /home/f6l/local/share/doc/gr-clenabled/html/functions_0x6d.html
-- Installing: /home/f6l/local/share/doc/gr-clenabled/html/window_8h_source.html
-- Installing: /home/f6l/local/share/doc/gr-clenabled/html/nav_f.png
-- Installing: /home/f6l/local/share/doc/gr-clenabled/html/classgr_1_1filter_1_1kernel_1_1fir__filter__scc.js
-- Installing: /home/f6l/local/share/doc/gr-clenabled/html/namespacegr.html
-- Installing: /home/f6l/local/share/doc/gr-clenabled/html/clLog_8h_source.html
-- Installing: /home/f6l/local/share/doc/gr-clenabled/html/classgr_1_1clenabled_1_1clSignalSource.js
-- Installing: /home/f6l/local/share/doc/gr-clenabled/html/closed.png
-- Installing: /home/f6l/local/share/doc/gr-clenabled/html/classgr_1_1clenabled_1_1clComplexToArg.js
-- Installing: /home/f6l/local/share/doc/gr-clenabled/html/tab_h.png
-- Installing: /home/f6l/local/share/doc/gr-clenabled/html/fir__filter_8h_source.html
-- Installing: /home/f6l/local/share/doc/gr-clenabled/html/functions_func_0x6d.html
-- Installing: /home/f6l/local/share/doc/gr-clenabled/html/functions_func_0x75.html
-- Installing: /home/f6l/local/share/doc/gr-clenabled/html/classgr_1_1clenabled_1_1clFFT.js
-- Installing: /home/f6l/local/share/doc/gr-clenabled/html/classgr_1_1clenabled_1_1clComplexToMagPhase.html
-- Installing: /home/f6l/local/share/doc/gr-clenabled/html/namespacegr_1_1clenabled.js
-- Installing: /home/f6l/local/share/doc/gr-clenabled/html/ftv2mlastnode.png
-- Installing: /home/f6l/local/share/doc/gr-clenabled/html/classgr_1_1clenabled_1_1clMathConst__impl-members.html
-- Installing: /home/f6l/local/share/doc/gr-clenabled/html/clMathOp__impl_8h_source.html
-- Installing: /home/f6l/local/share/doc/gr-clenabled/html/classgr_1_1clenabled_1_1clMagPhaseToComplex-members.html
-- Installing: /home/f6l/local/share/doc/gr-clenabled/html/ftv2folderclosed.png
-- Installing: /home/f6l/local/share/doc/gr-clenabled/html/functions_func.html
-- Installing: /home/f6l/local/share/doc/gr-clenabled/html/functions_dup.js
-- Installing: /home/f6l/local/share/doc/gr-clenabled/html/functions.html
-- Installing: /home/f6l/local/share/doc/gr-clenabled/html/classgr_1_1clenabled_1_1clComplexToMagPhase__impl.js
-- Installing: /home/f6l/local/share/doc/gr-clenabled/html/classgr_1_1clenabled_1_1clComplexToMagPhase.png
-- Installing: /home/f6l/local/share/doc/gr-clenabled/html/namespacemembers_func.html
-- Installing: /home/f6l/local/share/doc/gr-clenabled/html/ftv2blank.png
-- Installing: /home/f6l/local/share/doc/gr-clenabled/html/globals.html
-- Installing: /home/f6l/local/share/doc/gr-clenabled/html/clComplexToArg_8h.html
-- Installing: /home/f6l/local/share/doc/gr-clenabled/html/clSComplex_8h_source.html
-- Installing: /home/f6l/local/share/doc/gr-clenabled/html/classgr_1_1filter_1_1kernel_1_1fir__filter__fff.html
-- Installing: /home/f6l/local/share/doc/gr-clenabled/html/functions_func_0x67.html
-- Installing: /home/f6l/local/share/doc/gr-clenabled/html/functions_enum.html
-- Installing: /home/f6l/local/share/doc/gr-clenabled/html/classgr_1_1clenabled_1_1fft__real__fwd-members.html
-- Installing: /home/f6l/local/share/doc/gr-clenabled/html/clComplexToMagPhase__impl_8h.html
-- Installing: /home/f6l/local/share/doc/gr-clenabled/html/namespacegr_1_1filter.js
-- Installing: /home/f6l/local/share/doc/gr-clenabled/html/functions_0x6e.html
-- Installing: /home/f6l/local/share/doc/gr-clenabled/html/functions_0x6f.html
-- Installing: /home/f6l/local/share/doc/gr-clenabled/html/structComplexStruct-members.html
-- Installing: /home/f6l/local/share/doc/gr-clenabled/html/clComplexToArg__impl_8h_source.html
-- Installing: /home/f6l/local/share/doc/gr-clenabled/html/tab_a.png
-- Installing: /home/f6l/local/share/doc/gr-clenabled/html/classgr_1_1clenabled_1_1clMathConst-members.html
-- Installing: /home/f6l/local/share/doc/gr-clenabled/html/fast__atan2f_8h.html
-- Installing: /home/f6l/local/share/doc/gr-clenabled/html/namespacegr_1_1clenabled.html
-- Installing: /home/f6l/local/share/doc/gr-clenabled/html/window_8h.html
-- Installing: /home/f6l/local/share/doc/gr-clenabled/html/classgr_1_1clenabled_1_1clSNR__impl.js
-- Installing: /home/f6l/local/share/doc/gr-clenabled/html/firdes_8h_source.html
-- Installing: /home/f6l/local/share/doc/gr-clenabled/html/hierarchy.html
-- Installing: /home/f6l/local/share/doc/gr-clenabled/html/classgr_1_1clenabled_1_1fft__filter__ccf.html
-- Installing: /home/f6l/local/share/doc/gr-clenabled/html/classgr_1_1clenabled_1_1clFFT__impl.js
-- Installing: /home/f6l/local/share/doc/gr-clenabled/html/functions_0x69.html
-- Installing: /home/f6l/local/share/doc/gr-clenabled/html/classgr_1_1clenabled_1_1clFilter__impl.html
-- Installing: /home/f6l/local/share/doc/gr-clenabled/html/clSignalSource_8h.html
-- Installing: /home/f6l/local/share/doc/gr-clenabled/html/clSignalSource__impl_8h.js

